<?xml version="1.0" encoding="UTF-8"?>
<!-- Generated by org.testng.reporters.JUnitReportReporter -->
<testsuite skipped="0" hostname="C40BF52AGJUNC" name="com.qa.tester.GetAPIwithoutHeaders" tests="4" failures="0" timestamp="17 Jan 2019 05:51:21 GMT" time="1.219" errors="0">
  <testcase name="validateHeadersInResponse" time="0.000" classname="com.qa.tester.GetAPIwithoutHeaders"/>
  <testcase name="validateResponseData" time="0.000" classname="com.qa.tester.GetAPIwithoutHeaders"/>
  <testcase name="validateStatusCode" time="0.000" classname="com.qa.tester.GetAPIwithoutHeaders"/>
  <testcase name="getAPITestWithoutHeaders" time="1.219" classname="com.qa.tester.GetAPIwithoutHeaders"/>
</testsuite> <!-- com.qa.tester.GetAPIwithoutHeaders -->
