<?xml version="1.0" encoding="UTF-8"?>
<!-- Generated by org.testng.reporters.JUnitReportReporter -->
<testsuite skipped="0" hostname="C40BF52AGJUNC" name="com.qa.tester.GetAPIwithHeaders" tests="4" failures="0" timestamp="17 Jan 2019 05:27:59 GMT" time="1.536" errors="0">
  <testcase name="validateHeaders" time="0.037" classname="com.qa.tester.GetAPIwithHeaders"/>
  <testcase name="validateStatusCode" time="0.003" classname="com.qa.tester.GetAPIwithHeaders"/>
  <testcase name="getAPITestWithHeaders" time="1.481" classname="com.qa.tester.GetAPIwithHeaders"/>
  <testcase name="validateResponseData" time="0.015" classname="com.qa.tester.GetAPIwithHeaders"/>
</testsuite> <!-- com.qa.tester.GetAPIwithHeaders -->
