<?xml version="1.0" encoding="UTF-8"?>
<!-- Generated by org.testng.reporters.JUnitReportReporter -->
<testsuite skipped="0" hostname="C40BF52AGJUNC" name="com.qa.tester.GetAPIwithHeaders" tests="4" failures="0" timestamp="22 Jan 2019 09:41:46 GMT" time="0.949" errors="0">
  <testcase name="validateHeaders" time="0.000" classname="com.qa.tester.GetAPIwithHeaders"/>
  <testcase name="getAPITestWithHeaders" time="0.934" classname="com.qa.tester.GetAPIwithHeaders"/>
  <testcase name="validateResponseData" time="0.015" classname="com.qa.tester.GetAPIwithHeaders"/>
  <testcase name="validateStatusCode" time="0.000" classname="com.qa.tester.GetAPIwithHeaders"/>
</testsuite> <!-- com.qa.tester.GetAPIwithHeaders -->
