<?xml version="1.0" encoding="UTF-8"?>
<!-- Generated by org.testng.reporters.JUnitReportReporter -->
<testsuite skipped="0" hostname="C40BF52AGJUNC" name="com.qa.tester.GetAPIwithoutHeaders" tests="4" failures="0" timestamp="17 Jan 2019 10:05:14 GMT" time="0.915" errors="0">
  <testcase name="validateStatusCode" time="0.016" classname="com.qa.tester.GetAPIwithoutHeaders"/>
  <testcase name="getAPITestWithoutHeaders" time="0.833" classname="com.qa.tester.GetAPIwithoutHeaders"/>
  <testcase name="validateHeadersInResponse" time="0.050" classname="com.qa.tester.GetAPIwithoutHeaders"/>
  <testcase name="validateResponseData" time="0.016" classname="com.qa.tester.GetAPIwithoutHeaders"/>
</testsuite> <!-- com.qa.tester.GetAPIwithoutHeaders -->
