<?xml version="1.0" encoding="UTF-8"?>
<!-- Generated by org.testng.reporters.JUnitReportReporter -->
<testsuite skipped="0" hostname="C40BF52AGJUNC" name="com.qa.tester.PostAPITest" tests="1" failures="0" timestamp="17 Jan 2019 05:27:59 GMT" time="0.829" errors="0">
  <testcase name="PostAPItest" time="0.829" classname="com.qa.tester.PostAPITest"/>
</testsuite> <!-- com.qa.tester.PostAPITest -->
