<?xml version="1.0" encoding="UTF-8"?>
<!-- Generated by org.testng.reporters.JUnitReportReporter -->
<testsuite skipped="0" hostname="C40BF52AGJUNC" name="com.qa.tester.GetAPIwithoutHeaders" tests="4" failures="0" timestamp="17 Jan 2019 05:27:59 GMT" time="3.872" errors="0">
  <testcase name="validateStatusCode" time="0.006" classname="com.qa.tester.GetAPIwithoutHeaders"/>
  <testcase name="getAPITestWithoutHeaders" time="3.813" classname="com.qa.tester.GetAPIwithoutHeaders"/>
  <testcase name="validateHeadersInResponse" time="0.039" classname="com.qa.tester.GetAPIwithoutHeaders"/>
  <testcase name="validateResponseData" time="0.014" classname="com.qa.tester.GetAPIwithoutHeaders"/>
</testsuite> <!-- com.qa.tester.GetAPIwithoutHeaders -->
