<?xml version="1.0" encoding="UTF-8"?>
<!-- Generated by org.testng.reporters.JUnitReportReporter -->
<testsuite skipped="0" hostname="C40BF52AGJUNC" name="com.qa.tester.GetAPIwithHeaders" tests="4" failures="0" timestamp="17 Jan 2019 10:05:14 GMT" time="1.252" errors="0">
  <testcase name="validateHeaders" time="0.031" classname="com.qa.tester.GetAPIwithHeaders"/>
  <testcase name="validateStatusCode" time="0.000" classname="com.qa.tester.GetAPIwithHeaders"/>
  <testcase name="getAPITestWithHeaders" time="1.205" classname="com.qa.tester.GetAPIwithHeaders"/>
  <testcase name="validateResponseData" time="0.016" classname="com.qa.tester.GetAPIwithHeaders"/>
</testsuite> <!-- com.qa.tester.GetAPIwithHeaders -->
